Traceback(most recent call last):
  File "/home/ec2-user/mambaforge/envs/water_rights/lib/python3.11/site-packages/boto3/s3/transfer.py", line 292, in upload_file
    future.result()
  File "/home/ec2-user/mambaforge/envs/water_rights/lib/python3.11/site-packages/s3transfer/futures.py", line 103, in result
    return self._coordinator.result()
           ^ ^ ^ ^ ^ ^ ^ ^ ^ ^ ^ ^ ^ ^ ^ ^ ^ ^ ^ ^ ^ ^ ^ ^ ^^
  File "/home/ec2-user/mambaforge/envs/water_rights/lib/python3.11/site-packages/s3transfer/futures.py", line 266, in result
    raise self._exception
  File "/home/ec2-user/mambaforge/envs/water_rights/lib/python3.11/site-packages/s3transfer/tasks.py", line 139, in __call__
    return self._execute_main(kwargs)
           ^ ^ ^ ^ ^ ^ ^ ^ ^ ^ ^ ^ ^ ^ ^ ^ ^ ^ ^ ^ ^ ^ ^ ^ ^^
  File "/home/ec2-user/mambaforge/envs/water_rights/lib/python3.11/site-packages/s3transfer/tasks.py", line 162, in _execute_main
    return_value = self._main(**kwargs)
                   ^ ^ ^ ^ ^ ^ ^ ^ ^ ^ ^ ^ ^ ^ ^ ^ ^ ^ ^^
  File "/home/ec2-user/mambaforge/envs/water_rights/lib/python3.11/site-packages/s3transfer/upload.py", line 758, in _main
    client.put_object(Bucket=bucket, Key=key, Body=body, **extra_args)
  File "/home/ec2-user/mambaforge/envs/water_rights/lib/python3.11/site-packages/botocore/client.py", line 530, in _api_call
    return self._make_api_call(operation_name, kwargs)
           ^ ^ ^ ^ ^ ^ ^ ^ ^ ^ ^ ^ ^ ^ ^ ^ ^ ^ ^ ^ ^ ^ ^ ^ ^ ^ ^ ^ ^ ^ ^ ^ ^ ^ ^ ^ ^ ^ ^ ^ ^ ^ ^
  File "/home/ec2-user/mambaforge/envs/water_rights/lib/python3.11/site-packages/botocore/client.py", line 960, in _make_api_call
    raise error_class(parsed_response, operation_name)
botocore.exceptions.ClientError: An error occurred(ExpiredToken) when calling the PutObject operation: The provided token has expired.

During handling of the above exception, another exception occurred:

Traceback(most recent call last):
  File "/home/ec2-user/Water-Rights-Visualizer/copy_gdrive_to_s3.py", line 17, in <module >
    bucket.upload_file(filename, filename)
  File "/home/ec2-user/mambaforge/envs/water_rights/lib/python3.11/site-packages/boto3/s3/inject.py", line 233, in bucket_upload_file
    return self.meta.client.upload_file(
           ^ ^ ^ ^ ^ ^ ^ ^ ^ ^ ^ ^ ^ ^ ^ ^ ^ ^ ^ ^ ^ ^ ^ ^ ^ ^ ^ ^ ^
  File "/home/ec2-user/mambaforge/envs/water_rights/lib/python3.11/site-packages/boto3/s3/inject.py", line 143, in upload_file
    return transfer.upload_file(
           ^ ^ ^ ^ ^ ^ ^ ^ ^ ^ ^ ^ ^ ^ ^ ^ ^ ^ ^ ^ ^
  File "/home/ec2-user/mambaforge/envs/water_rights/lib/python3.11/site-packages/boto3/s3/transfer.py", line 298, in upload_file
    raise S3UploadFailedError(
boto3.exceptions.S3UploadFailedError: Failed to upload LE07_CU_012015_20200423_20200524_C01_V01_ET.tif to jpl-nmw-testbucket/LE07_CU_012015_20200423_20200524_C01_V01_ET.tif: An error occurred(ExpiredToken) when calling the PutObject operation: The provided token has expired.
